<?xml version="1.0" encoding="UTF-8" standalone="yes"?>
<ns2:test-suite start="1595550494791" stop="1595550560589" version="1.5.4" xmlns:ns2="urn:model.allure.qatools.yandex.ru">
    <name>Default Suite : n11_TestAutomationProject</name>
    <title>Default Suite : n11_TestAutomationProject</title>
    <test-cases>
        <test-case start="1595550503272" stop="1595550522109" status="passed">
            <name>TestCase4</name>
            <steps/>
            <attachments/>
            <labels>
                <label name="testSuite" value="Default Suite"/>
                <label name="testGroup" value="n11_TestAutomationProject"/>
                <label name="testClass" value="SearchPage"/>
                <label name="testMethod" value="TestCase4"/>
                <label name="host" value="OLCAY"/>
                <label name="thread" value="14400@OLCAY.main(1)"/>
            </labels>
        </test-case>
        <test-case start="1595550526764" stop="1595550533197" status="broken">
            <name>TestCase5</name>
            <failure>
                <message>IndexOutOfBoundsException: Index: 1, Size: 1</message>
                <stack-trace>java.lang.IndexOutOfBoundsException: Index: 1, Size: 1
	at java.util.ArrayList.rangeCheck(ArrayList.java:657)
	at java.util.ArrayList.get(ArrayList.java:433)
	at SearchPage.TestCase5(SearchPage.java:57)
	at sun.reflect.NativeMethodAccessorImpl.invoke0(Native Method)
	at sun.reflect.NativeMethodAccessorImpl.invoke(NativeMethodAccessorImpl.java:62)
	at sun.reflect.DelegatingMethodAccessorImpl.invoke(DelegatingMethodAccessorImpl.java:43)
	at java.lang.reflect.Method.invoke(Method.java:498)
	at org.testng.internal.MethodInvocationHelper.invokeMethod(MethodInvocationHelper.java:124)
	at org.testng.internal.Invoker.invokeMethod(Invoker.java:583)
	at org.testng.internal.Invoker.invokeTestMethod(Invoker.java:719)
	at org.testng.internal.Invoker.invokeTestMethods(Invoker.java:989)
	at org.testng.internal.TestMethodWorker.invokeTestMethods(TestMethodWorker.java:125)
	at org.testng.internal.TestMethodWorker.run(TestMethodWorker.java:109)
	at org.testng.TestRunner.privateRun(TestRunner.java:648)
	at org.testng.TestRunner.run(TestRunner.java:505)
	at org.testng.SuiteRunner.runTest(SuiteRunner.java:455)
	at org.testng.SuiteRunner.runSequentially(SuiteRunner.java:450)
	at org.testng.SuiteRunner.privateRun(SuiteRunner.java:415)
	at org.testng.SuiteRunner.run(SuiteRunner.java:364)
	at org.testng.SuiteRunnerWorker.runSuite(SuiteRunnerWorker.java:52)
	at org.testng.SuiteRunnerWorker.run(SuiteRunnerWorker.java:84)
	at org.testng.TestNG.runSuitesSequentially(TestNG.java:1208)
	at org.testng.TestNG.runSuitesLocally(TestNG.java:1137)
	at org.testng.TestNG.runSuites(TestNG.java:1049)
	at org.testng.TestNG.run(TestNG.java:1017)
	at org.testng.IDEARemoteTestNG.run(IDEARemoteTestNG.java:73)
	at org.testng.RemoteTestNGStarter.main(RemoteTestNGStarter.java:123)
</stack-trace>
            </failure>
            <steps/>
            <attachments/>
            <labels>
                <label name="testSuite" value="Default Suite"/>
                <label name="testGroup" value="n11_TestAutomationProject"/>
                <label name="testClass" value="SearchPage"/>
                <label name="testMethod" value="TestCase5"/>
                <label name="host" value="OLCAY"/>
                <label name="thread" value="14400@OLCAY.main(1)"/>
            </labels>
        </test-case>
        <test-case start="1595550537524" stop="1595550559677" status="passed">
            <name>TestCase6</name>
            <steps/>
            <attachments/>
            <labels>
                <label name="testSuite" value="Default Suite"/>
                <label name="testGroup" value="n11_TestAutomationProject"/>
                <label name="testClass" value="SearchPage"/>
                <label name="testMethod" value="TestCase6"/>
                <label name="host" value="OLCAY"/>
                <label name="thread" value="14400@OLCAY.main(1)"/>
            </labels>
        </test-case>
    </test-cases>
    <labels>
        <label name="framework" value="TestNG"/>
        <label name="language" value="JAVA"/>
    </labels>
</ns2:test-suite>
